{"/Users/hugo/Documents/Ecole/MDS/Cours/Developpement PHP/snacke/src/App.tsx": {"path":"/Users/hugo/Documents/Ecole/MDS/Cours/Developpement PHP/snacke/src/App.tsx","statementMap":{"0":{"start":{"line":2,"column":0},"end":{"line":2,"column":59}},"1":{"start":{"line":3,"column":0},"end":{"line":3,"column":46}},"2":{"start":{"line":4,"column":0},"end":{"line":4,"column":77}},"3":{"start":{"line":6,"column":0},"end":{"line":6,"column":45}},"4":{"start":{"line":7,"column":0},"end":{"line":7,"column":49}},"5":{"start":{"line":8,"column":0},"end":{"line":8,"column":39}},"6":{"start":{"line":11,"column":22},"end":{"line":139,"column":1}},"7":{"start":{"line":12,"column":28},"end":{"line":12,"column":49}},"8":{"start":{"line":13,"column":24},"end":{"line":13,"column":55}},"9":{"start":{"line":14,"column":32},"end":{"line":14,"column":63}},"10":{"start":{"line":15,"column":26},"end":{"line":15,"column":58}},"11":{"start":{"line":16,"column":34},"end":{"line":16,"column":49}},"12":{"start":{"line":17,"column":32},"end":{"line":17,"column":47}},"13":{"start":{"line":18,"column":28},"end":{"line":18,"column":41}},"14":{"start":{"line":19,"column":28},"end":{"line":19,"column":50}},"15":{"start":{"line":21,"column":19},"end":{"line":21,"column":47}},"16":{"start":{"line":22,"column":2},"end":{"line":24,"column":16}},"17":{"start":{"line":23,"column":4},"end":{"line":23,"column":30}},"18":{"start":{"line":26,"column":2},"end":{"line":36,"column":21}},"19":{"start":{"line":27,"column":22},"end":{"line":33,"column":5}},"20":{"start":{"line":28,"column":6},"end":{"line":28,"column":27}},"21":{"start":{"line":28,"column":20},"end":{"line":28,"column":27}},"22":{"start":{"line":29,"column":27},"end":{"line":29,"column":53}},"23":{"start":{"line":30,"column":6},"end":{"line":32,"column":7}},"24":{"start":{"line":31,"column":8},"end":{"line":31,"column":33}},"25":{"start":{"line":34,"column":4},"end":{"line":34,"column":50}},"26":{"start":{"line":35,"column":4},"end":{"line":35,"column":66}},"27":{"start":{"line":35,"column":17},"end":{"line":35,"column":65}},"28":{"start":{"line":38,"column":2},"end":{"line":45,"column":14}},"29":{"start":{"line":39,"column":4},"end":{"line":42,"column":5}},"30":{"start":{"line":40,"column":23},"end":{"line":40,"column":76}},"31":{"start":{"line":41,"column":6},"end":{"line":41,"column":25}},"32":{"start":{"line":43,"column":4},"end":{"line":43,"column":44}},"33":{"start":{"line":43,"column":21},"end":{"line":43,"column":44}},"34":{"start":{"line":44,"column":4},"end":{"line":44,"column":42}},"35":{"start":{"line":44,"column":21},"end":{"line":44,"column":42}},"36":{"start":{"line":47,"column":2},"end":{"line":85,"column":48}},"37":{"start":{"line":48,"column":4},"end":{"line":48,"column":37}},"38":{"start":{"line":48,"column":30},"end":{"line":48,"column":37}},"39":{"start":{"line":49,"column":21},"end":{"line":83,"column":13}},"40":{"start":{"line":50,"column":6},"end":{"line":82,"column":9}},"41":{"start":{"line":51,"column":18},"end":{"line":54,"column":null}},"42":{"start":{"line":56,"column":8},"end":{"line":69,"column":9}},"43":{"start":{"line":61,"column":29},"end":{"line":61,"column":65}},"44":{"start":{"line":63,"column":28},"end":{"line":63,"column":70}},"45":{"start":{"line":64,"column":10},"end":{"line":66,"column":11}},"46":{"start":{"line":65,"column":12},"end":{"line":65,"column":76}},"47":{"start":{"line":67,"column":10},"end":{"line":67,"column":28}},"48":{"start":{"line":68,"column":10},"end":{"line":68,"column":22}},"49":{"start":{"line":71,"column":25},"end":{"line":71,"column":40}},"50":{"start":{"line":72,"column":8},"end":{"line":79,"column":9}},"51":{"start":{"line":73,"column":10},"end":{"line":76,"column":13}},"52":{"start":{"line":78,"column":10},"end":{"line":78,"column":25}},"53":{"start":{"line":80,"column":8},"end":{"line":80,"column":24}},"54":{"start":{"line":81,"column":8},"end":{"line":81,"column":24}},"55":{"start":{"line":84,"column":4},"end":{"line":84,"column":41}},"56":{"start":{"line":84,"column":17},"end":{"line":84,"column":40}},"57":{"start":{"line":87,"column":20},"end":{"line":96,"column":3}},"58":{"start":{"line":88,"column":4},"end":{"line":88,"column":31}},"59":{"start":{"line":89,"column":4},"end":{"line":89,"column":27}},"60":{"start":{"line":90,"column":4},"end":{"line":90,"column":31}},"61":{"start":{"line":91,"column":4},"end":{"line":91,"column":28}},"62":{"start":{"line":92,"column":4},"end":{"line":92,"column":23}},"63":{"start":{"line":93,"column":4},"end":{"line":93,"column":21}},"64":{"start":{"line":94,"column":4},"end":{"line":94,"column":18}},"65":{"start":{"line":95,"column":4},"end":{"line":95,"column":27}},"66":{"start":{"line":98,"column":20},"end":{"line":98,"column":69}},"67":{"start":{"line":100,"column":4},"end":{"line":100,"column":79}},"68":{"start":{"line":102,"column":2},"end":{"line":138,"column":4}},"69":{"start":{"line":126,"column":39},"end":{"line":126,"column":65}},"70":{"start":{"line":127,"column":18},"end":{"line":129,"column":19}},"71":{"start":{"line":128,"column":20},"end":{"line":128,"column":45}},"72":{"start":{"line":141,"column":0},"end":{"line":141,"column":19}}},"fnMap":{"0":{"name":"(anonymous_1)","decl":{"start":{"line":11,"column":22},"end":{"line":11,"column":25}},"loc":{"start":{"line":11,"column":27},"end":{"line":139,"column":1}}},"1":{"name":"(anonymous_2)","decl":{"start":{"line":22,"column":12},"end":{"line":22,"column":15}},"loc":{"start":{"line":22,"column":17},"end":{"line":24,"column":3}}},"2":{"name":"(anonymous_3)","decl":{"start":{"line":26,"column":12},"end":{"line":26,"column":15}},"loc":{"start":{"line":26,"column":17},"end":{"line":36,"column":3}}},"3":{"name":"(anonymous_4)","decl":{"start":{"line":27,"column":22},"end":{"line":27,"column":23}},"loc":{"start":{"line":27,"column":43},"end":{"line":33,"column":5}}},"4":{"name":"(anonymous_5)","decl":{"start":{"line":35,"column":11},"end":{"line":35,"column":14}},"loc":{"start":{"line":35,"column":17},"end":{"line":35,"column":65}}},"5":{"name":"(anonymous_6)","decl":{"start":{"line":38,"column":12},"end":{"line":38,"column":15}},"loc":{"start":{"line":38,"column":17},"end":{"line":45,"column":3}}},"6":{"name":"(anonymous_7)","decl":{"start":{"line":47,"column":12},"end":{"line":47,"column":15}},"loc":{"start":{"line":47,"column":17},"end":{"line":85,"column":3}}},"7":{"name":"(anonymous_8)","decl":{"start":{"line":49,"column":33},"end":{"line":49,"column":36}},"loc":{"start":{"line":49,"column":38},"end":{"line":83,"column":5}}},"8":{"name":"(anonymous_9)","decl":{"start":{"line":50,"column":15},"end":{"line":50,"column":16}},"loc":{"start":{"line":50,"column":24},"end":{"line":82,"column":7}}},"9":{"name":"(anonymous_10)","decl":{"start":{"line":61,"column":20},"end":{"line":61,"column":21}},"loc":{"start":{"line":61,"column":29},"end":{"line":61,"column":65}}},"10":{"name":"(anonymous_11)","decl":{"start":{"line":84,"column":11},"end":{"line":84,"column":14}},"loc":{"start":{"line":84,"column":17},"end":{"line":84,"column":40}}},"11":{"name":"(anonymous_12)","decl":{"start":{"line":87,"column":20},"end":{"line":87,"column":23}},"loc":{"start":{"line":87,"column":25},"end":{"line":96,"column":3}}},"12":{"name":"(anonymous_13)","decl":{"start":{"line":125,"column":27},"end":{"line":125,"column":28}},"loc":{"start":{"line":125,"column":33},"end":{"line":130,"column":17}}}},"branchMap":{"0":{"loc":{"start":{"line":23,"column":4},"end":{"line":23,"column":29}},"type":"cond-expr","locations":[{"start":{"line":23,"column":20},"end":{"line":23,"column":22}},{"start":{"line":23,"column":20},"end":{"line":23,"column":29}}]},"1":{"loc":{"start":{"line":23,"column":4},"end":{"line":23,"column":22}},"type":"binary-expr","locations":[{"start":{"line":23,"column":4},"end":{"line":23,"column":22}},{"start":{"line":23,"column":20},"end":{"line":23,"column":22}}]},"2":{"loc":{"start":{"line":28,"column":6},"end":{"line":28,"column":27}},"type":"if","locations":[{"start":{"line":28,"column":6},"end":{"line":28,"column":27}}]},"3":{"loc":{"start":{"line":30,"column":6},"end":{"line":32,"column":7}},"type":"if","locations":[{"start":{"line":30,"column":6},"end":{"line":32,"column":7}}]},"4":{"loc":{"start":{"line":30,"column":10},"end":{"line":30,"column":65}},"type":"binary-expr","locations":[{"start":{"line":30,"column":10},"end":{"line":30,"column":22}},{"start":{"line":30,"column":26},"end":{"line":30,"column":65}}]},"5":{"loc":{"start":{"line":39,"column":4},"end":{"line":42,"column":5}},"type":"if","locations":[{"start":{"line":39,"column":4},"end":{"line":42,"column":5}}]},"6":{"loc":{"start":{"line":43,"column":4},"end":{"line":43,"column":44}},"type":"if","locations":[{"start":{"line":43,"column":4},"end":{"line":43,"column":44}}]},"7":{"loc":{"start":{"line":44,"column":4},"end":{"line":44,"column":42}},"type":"if","locations":[{"start":{"line":44,"column":4},"end":{"line":44,"column":42}}]},"8":{"loc":{"start":{"line":48,"column":4},"end":{"line":48,"column":37}},"type":"if","locations":[{"start":{"line":48,"column":4},"end":{"line":48,"column":37}}]},"9":{"loc":{"start":{"line":48,"column":8},"end":{"line":48,"column":28}},"type":"binary-expr","locations":[{"start":{"line":48,"column":8},"end":{"line":48,"column":16}},{"start":{"line":48,"column":20},"end":{"line":48,"column":28}}]},"10":{"loc":{"start":{"line":56,"column":8},"end":{"line":69,"column":9}},"type":"if","locations":[{"start":{"line":56,"column":8},"end":{"line":69,"column":9}}]},"11":{"loc":{"start":{"line":57,"column":10},"end":{"line":61,"column":66}},"type":"binary-expr","locations":[{"start":{"line":57,"column":10},"end":{"line":57,"column":20}},{"start":{"line":58,"column":10},"end":{"line":58,"column":28}},{"start":{"line":59,"column":10},"end":{"line":59,"column":20}},{"start":{"line":60,"column":10},"end":{"line":60,"column":28}},{"start":{"line":61,"column":10},"end":{"line":61,"column":66}}]},"12":{"loc":{"start":{"line":61,"column":29},"end":{"line":61,"column":65}},"type":"binary-expr","locations":[{"start":{"line":61,"column":29},"end":{"line":61,"column":45}},{"start":{"line":61,"column":49},"end":{"line":61,"column":65}}]},"13":{"loc":{"start":{"line":64,"column":10},"end":{"line":66,"column":11}},"type":"if","locations":[{"start":{"line":64,"column":10},"end":{"line":66,"column":11}}]},"14":{"loc":{"start":{"line":64,"column":14},"end":{"line":64,"column":60}},"type":"binary-expr","locations":[{"start":{"line":64,"column":14},"end":{"line":64,"column":24}},{"start":{"line":64,"column":28},"end":{"line":64,"column":60}}]},"15":{"loc":{"start":{"line":72,"column":8},"end":{"line":79,"column":9}},"type":"if","locations":[{"start":{"line":72,"column":8},"end":{"line":79,"column":9}},{"start":{"line":77,"column":15},"end":{"line":79,"column":9}}]},"16":{"loc":{"start":{"line":72,"column":12},"end":{"line":72,"column":50}},"type":"binary-expr","locations":[{"start":{"line":72,"column":12},"end":{"line":72,"column":29}},{"start":{"line":72,"column":33},"end":{"line":72,"column":50}}]},"17":{"loc":{"start":{"line":98,"column":20},"end":{"line":98,"column":69}},"type":"binary-expr","locations":[{"start":{"line":98,"column":20},"end":{"line":98,"column":62}},{"start":{"line":98,"column":66},"end":{"line":98,"column":69}}]},"18":{"loc":{"start":{"line":100,"column":4},"end":{"line":100,"column":79}},"type":"cond-expr","locations":[{"start":{"line":100,"column":18},"end":{"line":100,"column":25}},{"start":{"line":100,"column":28},"end":{"line":100,"column":79}}]},"19":{"loc":{"start":{"line":100,"column":28},"end":{"line":100,"column":79}},"type":"cond-expr","locations":[{"start":{"line":100,"column":43},"end":{"line":100,"column":49}},{"start":{"line":100,"column":52},"end":{"line":100,"column":79}}]},"20":{"loc":{"start":{"line":100,"column":52},"end":{"line":100,"column":79}},"type":"cond-expr","locations":[{"start":{"line":100,"column":66},"end":{"line":100,"column":72}},{"start":{"line":100,"column":75},"end":{"line":100,"column":79}}]},"21":{"loc":{"start":{"line":104,"column":7},"end":{"line":135,"column":null}},"type":"cond-expr","locations":[{"start":{"line":105,"column":8},"end":{"line":107,"column":null}},{"start":{"line":112,"column":8},"end":{"line":134,"column":null}}]},"22":{"loc":{"start":{"line":113,"column":11},"end":{"line":133,"column":null}},"type":"cond-expr","locations":[{"start":{"line":114,"column":12},"end":{"line":114,"column":78}},{"start":{"line":116,"column":12},"end":{"line":132,"column":null}}]},"23":{"loc":{"start":{"line":127,"column":18},"end":{"line":129,"column":19}},"type":"if","locations":[{"start":{"line":127,"column":18},"end":{"line":129,"column":19}}]},"24":{"loc":{"start":{"line":127,"column":22},"end":{"line":127,"column":77}},"type":"binary-expr","locations":[{"start":{"line":127,"column":22},"end":{"line":127,"column":34}},{"start":{"line":127,"column":38},"end":{"line":127,"column":77}}]}},"s":{"0":2,"1":2,"2":2,"3":2,"4":2,"5":2,"6":2,"7":97,"8":97,"9":97,"10":97,"11":97,"12":97,"13":97,"14":97,"15":97,"16":97,"17":44,"18":97,"19":61,"20":9,"21":1,"22":8,"23":8,"24":5,"25":61,"26":61,"27":61,"28":97,"29":61,"30":23,"31":23,"32":61,"33":0,"34":61,"35":0,"36":97,"37":60,"38":34,"39":26,"40":640,"41":640,"42":640,"43":157,"44":483,"45":483,"46":455,"47":483,"48":483,"49":157,"50":157,"51":0,"52":157,"53":157,"54":157,"55":26,"56":26,"57":97,"58":24,"59":24,"60":24,"61":24,"62":24,"63":24,"64":24,"65":24,"66":97,"67":97,"68":97,"69":0,"70":0,"71":0,"72":2},"f":{"0":97,"1":44,"2":61,"3":9,"4":61,"5":61,"6":60,"7":640,"8":640,"9":157,"10":26,"11":24,"12":0},"b":{"0":[23,21],"1":[44,21],"2":[1],"3":[5],"4":[8,8],"5":[23],"6":[0],"7":[0],"8":[34],"9":[60,49],"10":[483],"11":[640,640,157,157,157],"12":[157,0],"13":[455],"14":[483,473],"15":[0,157],"16":[157,14],"17":[97,69],"18":[97,0],"19":[0,0],"20":[0,0],"21":[23,74],"22":[22,52],"23":[0],"24":[0,0]}}
,"/Users/hugo/Documents/Ecole/MDS/Cours/Developpement PHP/snacke/src/constants.ts": {"path":"/Users/hugo/Documents/Ecole/MDS/Cours/Developpement PHP/snacke/src/constants.ts","statementMap":{"0":{"start":{"line":1,"column":13},"end":{"line":1,"column":27}},"1":{"start":{"line":3,"column":0},"end":{"line":3,"column":null}},"2":{"start":{"line":4,"column":2},"end":{"line":4,"column":null}},"3":{"start":{"line":5,"column":2},"end":{"line":5,"column":null}},"4":{"start":{"line":6,"column":2},"end":{"line":6,"column":null}}},"fnMap":{"0":{"name":"(anonymous_0)","decl":{"start":{"line":3,"column":0},"end":{"line":3,"column":12}},"loc":{"start":{"line":3,"column":17},"end":{"line":7,"column":1}}}},"branchMap":{"0":{"loc":{"start":{"line":3,"column":12},"end":{"line":3,"column":null}},"type":"binary-expr","locations":[{"start":{"line":3,"column":12},"end":{"line":3,"column":17}},{"start":{"line":3,"column":17},"end":{"line":3,"column":null}}]}},"s":{"0":4,"1":4,"2":4,"3":4,"4":4},"f":{"0":4},"b":{"0":[4,4]}}
,"/Users/hugo/Documents/Ecole/MDS/Cours/Developpement PHP/snacke/src/components/Board.tsx": {"path":"/Users/hugo/Documents/Ecole/MDS/Cours/Developpement PHP/snacke/src/components/Board.tsx","statementMap":{"0":{"start":{"line":2,"column":0},"end":{"line":2,"column":40}},"1":{"start":{"line":12,"column":36},"end":{"line":40,"column":1}},"2":{"start":{"line":13,"column":2},"end":{"line":39,"column":4}},"3":{"start":{"line":25,"column":18},"end":{"line":25,"column":30}},"4":{"start":{"line":26,"column":18},"end":{"line":26,"column":42}},"5":{"start":{"line":27,"column":24},"end":{"line":27,"column":71}},"6":{"start":{"line":27,"column":44},"end":{"line":27,"column":70}},"7":{"start":{"line":28,"column":23},"end":{"line":28,"column":51}},"8":{"start":{"line":29,"column":8},"end":{"line":36,"column":10}},"9":{"start":{"line":42,"column":0},"end":{"line":42,"column":21}}},"fnMap":{"0":{"name":"(anonymous_0)","decl":{"start":{"line":12,"column":36},"end":{"line":12,"column":37}},"loc":{"start":{"line":12,"column":77},"end":{"line":40,"column":1}}},"1":{"name":"(anonymous_1)","decl":{"start":{"line":24,"column":55},"end":{"line":24,"column":56}},"loc":{"start":{"line":24,"column":64},"end":{"line":37,"column":7}}},"2":{"name":"(anonymous_2)","decl":{"start":{"line":27,"column":35},"end":{"line":27,"column":36}},"loc":{"start":{"line":27,"column":44},"end":{"line":27,"column":70}}}},"branchMap":{"0":{"loc":{"start":{"line":27,"column":44},"end":{"line":27,"column":70}},"type":"binary-expr","locations":[{"start":{"line":27,"column":44},"end":{"line":27,"column":55}},{"start":{"line":27,"column":59},"end":{"line":27,"column":70}}]},"1":{"loc":{"start":{"line":28,"column":23},"end":{"line":28,"column":51}},"type":"binary-expr","locations":[{"start":{"line":28,"column":23},"end":{"line":28,"column":35}},{"start":{"line":28,"column":39},"end":{"line":28,"column":51}}]},"2":{"loc":{"start":{"line":33,"column":14},"end":{"line":33,"column":null}},"type":"cond-expr","locations":[{"start":{"line":33,"column":24},"end":{"line":33,"column":38}},{"start":{"line":33,"column":41},"end":{"line":33,"column":null}}]},"3":{"loc":{"start":{"line":33,"column":41},"end":{"line":33,"column":null}},"type":"cond-expr","locations":[{"start":{"line":33,"column":50},"end":{"line":33,"column":62}},{"start":{"line":33,"column":65},"end":{"line":33,"column":null}}]}},"s":{"0":2,"1":2,"2":28,"3":6300,"4":6300,"5":6300,"6":6300,"7":6300,"8":6300,"9":2},"f":{"0":28,"1":6300,"2":6300},"b":{"0":[6300,420],"1":[6300,420],"2":[28,6272],"3":[28,6244]}}
,"/Users/hugo/Documents/Ecole/MDS/Cours/Developpement PHP/snacke/src/components/GameOver.tsx": {"path":"/Users/hugo/Documents/Ecole/MDS/Cours/Developpement PHP/snacke/src/components/GameOver.tsx","statementMap":{"0":{"start":{"line":8,"column":42},"end":{"line":30,"column":null}},"1":{"start":{"line":9,"column":2},"end":{"line":29,"column":null}},"2":{"start":{"line":33,"column":0},"end":{"line":33,"column":24}}},"fnMap":{"0":{"name":"(anonymous_0)","decl":{"start":{"line":8,"column":42},"end":{"line":8,"column":43}},"loc":{"start":{"line":9,"column":2},"end":{"line":29,"column":null}}}},"branchMap":{},"s":{"0":2,"1":11,"2":2},"f":{"0":11},"b":{}}
,"/Users/hugo/Documents/Ecole/MDS/Cours/Developpement PHP/snacke/src/components/ScoreBoard.tsx": {"path":"/Users/hugo/Documents/Ecole/MDS/Cours/Developpement PHP/snacke/src/components/ScoreBoard.tsx","statementMap":{"0":{"start":{"line":10,"column":46},"end":{"line":15,"column":null}},"1":{"start":{"line":11,"column":2},"end":{"line":14,"column":null}},"2":{"start":{"line":18,"column":0},"end":{"line":18,"column":26}}},"fnMap":{"0":{"name":"(anonymous_0)","decl":{"start":{"line":10,"column":46},"end":{"line":10,"column":47}},"loc":{"start":{"line":11,"column":2},"end":{"line":14,"column":null}}}},"branchMap":{},"s":{"0":2,"1":28,"2":2},"f":{"0":28},"b":{}}
,"/Users/hugo/Documents/Ecole/MDS/Cours/Developpement PHP/snacke/src/utils/direction.ts": {"path":"/Users/hugo/Documents/Ecole/MDS/Cours/Developpement PHP/snacke/src/utils/direction.ts","statementMap":{"0":{"start":{"line":4,"column":35},"end":{"line":17,"column":1}},"1":{"start":{"line":5,"column":2},"end":{"line":16,"column":3}},"2":{"start":{"line":7,"column":6},"end":{"line":7,"column":29}},"3":{"start":{"line":9,"column":6},"end":{"line":9,"column":28}},"4":{"start":{"line":11,"column":6},"end":{"line":11,"column":29}},"5":{"start":{"line":13,"column":6},"end":{"line":13,"column":28}},"6":{"start":{"line":15,"column":6},"end":{"line":15,"column":18}},"7":{"start":{"line":4,"column":13},"end":{"line":4,"column":35}},"8":{"start":{"line":19,"column":35},"end":{"line":21,"column":1}},"9":{"start":{"line":20,"column":2},"end":{"line":20,"column":38}},"10":{"start":{"line":19,"column":13},"end":{"line":19,"column":35}}},"fnMap":{"0":{"name":"(anonymous_0)","decl":{"start":{"line":4,"column":35},"end":{"line":4,"column":36}},"loc":{"start":{"line":4,"column":65},"end":{"line":17,"column":1}}},"1":{"name":"(anonymous_1)","decl":{"start":{"line":19,"column":35},"end":{"line":19,"column":36}},"loc":{"start":{"line":19,"column":67},"end":{"line":21,"column":1}}}},"branchMap":{"0":{"loc":{"start":{"line":5,"column":2},"end":{"line":16,"column":3}},"type":"switch","locations":[{"start":{"line":6,"column":4},"end":{"line":7,"column":29}},{"start":{"line":8,"column":4},"end":{"line":9,"column":28}},{"start":{"line":10,"column":4},"end":{"line":11,"column":29}},{"start":{"line":12,"column":4},"end":{"line":13,"column":28}},{"start":{"line":14,"column":4},"end":{"line":15,"column":18}}]},"1":{"loc":{"start":{"line":20,"column":9},"end":{"line":20,"column":37}},"type":"binary-expr","locations":[{"start":{"line":20,"column":9},"end":{"line":20,"column":21}},{"start":{"line":20,"column":25},"end":{"line":20,"column":37}}]}},"s":{"0":4,"1":13,"2":2,"3":3,"4":4,"5":3,"6":1,"7":4,"8":4,"9":15,"10":4},"f":{"0":13,"1":15},"b":{"0":[2,3,4,3,1],"1":[15,7]}}
,"/Users/hugo/Documents/Ecole/MDS/Cours/Developpement PHP/snacke/src/utils/food.ts": {"path":"/Users/hugo/Documents/Ecole/MDS/Cours/Developpement PHP/snacke/src/utils/food.ts","statementMap":{"0":{"start":{"line":6,"column":0},"end":{"line":6,"column":16}},"1":{"start":{"line":14,"column":0},"end":{"line":14,"column":16}},"2":{"start":{"line":19,"column":0},"end":{"line":19,"column":16}},"3":{"start":{"line":2,"column":0},"end":{"line":2,"column":40}},"4":{"start":{"line":7,"column":2},"end":{"line":10,"column":4}},"5":{"start":{"line":15,"column":2},"end":{"line":15,"column":65}},"6":{"start":{"line":15,"column":29},"end":{"line":15,"column":63}},"7":{"start":{"line":21,"column":2},"end":{"line":23,"column":38}},"8":{"start":{"line":22,"column":4},"end":{"line":22,"column":31}},"9":{"start":{"line":24,"column":2},"end":{"line":24,"column":17}}},"fnMap":{"0":{"name":"randomPosition","decl":{"start":{"line":6,"column":16},"end":{"line":6,"column":30}},"loc":{"start":{"line":6,"column":30},"end":{"line":11,"column":1}}},"1":{"name":"isOnSnake","decl":{"start":{"line":14,"column":16},"end":{"line":14,"column":25}},"loc":{"start":{"line":14,"column":52},"end":{"line":16,"column":1}}},"2":{"name":"(anonymous_2)","decl":{"start":{"line":15,"column":20},"end":{"line":15,"column":21}},"loc":{"start":{"line":15,"column":29},"end":{"line":15,"column":63}}},"3":{"name":"generateFood","decl":{"start":{"line":19,"column":16},"end":{"line":19,"column":28}},"loc":{"start":{"line":19,"column":43},"end":{"line":25,"column":1}}}},"branchMap":{"0":{"loc":{"start":{"line":15,"column":29},"end":{"line":15,"column":63}},"type":"binary-expr","locations":[{"start":{"line":15,"column":29},"end":{"line":15,"column":44}},{"start":{"line":15,"column":48},"end":{"line":15,"column":63}}]}},"s":{"0":2,"1":2,"2":2,"3":2,"4":232,"5":154,"6":407,"7":130,"8":132,"9":130},"f":{"0":232,"1":154,"2":407,"3":130},"b":{"0":[407,30]}}
}
