TN:
SF:src/App.tsx
FN:11,(anonymous_1)
FN:22,(anonymous_2)
FN:26,(anonymous_3)
FN:27,(anonymous_4)
FN:35,(anonymous_5)
FN:38,(anonymous_6)
FN:47,(anonymous_7)
FN:49,(anonymous_8)
FN:50,(anonymous_9)
FN:61,(anonymous_10)
FN:84,(anonymous_11)
FN:87,(anonymous_12)
FN:125,(anonymous_13)
FNF:13
FNH:12
FNDA:97,(anonymous_1)
FNDA:44,(anonymous_2)
FNDA:61,(anonymous_3)
FNDA:9,(anonymous_4)
FNDA:61,(anonymous_5)
FNDA:61,(anonymous_6)
FNDA:60,(anonymous_7)
FNDA:640,(anonymous_8)
FNDA:640,(anonymous_9)
FNDA:157,(anonymous_10)
FNDA:26,(anonymous_11)
FNDA:24,(anonymous_12)
FNDA:0,(anonymous_13)
DA:2,2
DA:3,2
DA:4,2
DA:6,2
DA:7,2
DA:8,2
DA:11,2
DA:12,97
DA:13,97
DA:14,97
DA:15,97
DA:16,97
DA:17,97
DA:18,97
DA:19,97
DA:21,97
DA:22,97
DA:23,44
DA:26,97
DA:27,61
DA:28,9
DA:29,8
DA:30,8
DA:31,5
DA:34,61
DA:35,61
DA:38,97
DA:39,61
DA:40,23
DA:41,23
DA:43,61
DA:44,61
DA:47,97
DA:48,60
DA:49,26
DA:50,640
DA:51,640
DA:56,640
DA:61,157
DA:63,483
DA:64,483
DA:65,455
DA:67,483
DA:68,483
DA:71,157
DA:72,157
DA:73,0
DA:78,157
DA:80,157
DA:81,157
DA:84,26
DA:87,97
DA:88,24
DA:89,24
DA:90,24
DA:91,24
DA:92,24
DA:93,24
DA:94,24
DA:95,24
DA:98,97
DA:100,97
DA:102,97
DA:126,0
DA:127,0
DA:128,0
DA:141,2
LF:67
LH:63
BRDA:23,0,0,23
BRDA:23,0,1,21
BRDA:23,1,0,44
BRDA:23,1,1,21
BRDA:28,2,0,1
BRDA:30,3,0,5
BRDA:30,4,0,8
BRDA:30,4,1,8
BRDA:39,5,0,23
BRDA:43,6,0,0
BRDA:44,7,0,0
BRDA:48,8,0,34
BRDA:48,9,0,60
BRDA:48,9,1,49
BRDA:56,10,0,483
BRDA:57,11,0,640
BRDA:57,11,1,640
BRDA:57,11,2,157
BRDA:57,11,3,157
BRDA:57,11,4,157
BRDA:61,12,0,157
BRDA:61,12,1,0
BRDA:64,13,0,455
BRDA:64,14,0,483
BRDA:64,14,1,473
BRDA:72,15,0,0
BRDA:72,15,1,157
BRDA:72,16,0,157
BRDA:72,16,1,14
BRDA:98,17,0,97
BRDA:98,17,1,69
BRDA:100,18,0,97
BRDA:100,18,1,0
BRDA:100,19,0,0
BRDA:100,19,1,0
BRDA:100,20,0,0
BRDA:100,20,1,0
BRDA:104,21,0,23
BRDA:104,21,1,74
BRDA:113,22,0,22
BRDA:113,22,1,52
BRDA:127,23,0,0
BRDA:127,24,0,0
BRDA:127,24,1,0
BRF:44
BRH:32
end_of_record
TN:
SF:src/constants.ts
FN:3,(anonymous_0)
FNF:1
FNH:1
FNDA:4,(anonymous_0)
DA:1,4
DA:3,4
DA:4,4
DA:5,4
DA:6,4
LF:5
LH:5
BRDA:3,0,0,4
BRDA:3,0,1,4
BRF:2
BRH:2
end_of_record
TN:
SF:src/components/Board.tsx
FN:12,(anonymous_0)
FN:24,(anonymous_1)
FN:27,(anonymous_2)
FNF:3
FNH:3
FNDA:28,(anonymous_0)
FNDA:6300,(anonymous_1)
FNDA:6300,(anonymous_2)
DA:2,2
DA:12,2
DA:13,28
DA:25,6300
DA:26,6300
DA:27,6300
DA:28,6300
DA:29,6300
DA:42,2
LF:9
LH:9
BRDA:27,0,0,6300
BRDA:27,0,1,420
BRDA:28,1,0,6300
BRDA:28,1,1,420
BRDA:33,2,0,28
BRDA:33,2,1,6272
BRDA:33,3,0,28
BRDA:33,3,1,6244
BRF:8
BRH:8
end_of_record
TN:
SF:src/components/GameOver.tsx
FN:8,(anonymous_0)
FNF:1
FNH:1
FNDA:11,(anonymous_0)
DA:8,2
DA:9,11
DA:33,2
LF:3
LH:3
BRF:0
BRH:0
end_of_record
TN:
SF:src/components/ScoreBoard.tsx
FN:10,(anonymous_0)
FNF:1
FNH:1
FNDA:28,(anonymous_0)
DA:10,2
DA:11,28
DA:18,2
LF:3
LH:3
BRF:0
BRH:0
end_of_record
TN:
SF:src/utils/direction.ts
FN:4,(anonymous_0)
FN:19,(anonymous_1)
FNF:2
FNH:2
FNDA:13,(anonymous_0)
FNDA:15,(anonymous_1)
DA:4,4
DA:5,13
DA:7,2
DA:9,3
DA:11,4
DA:13,3
DA:15,1
DA:19,4
DA:20,15
LF:9
LH:9
BRDA:5,0,0,2
BRDA:5,0,1,3
BRDA:5,0,2,4
BRDA:5,0,3,3
BRDA:5,0,4,1
BRDA:20,1,0,15
BRDA:20,1,1,7
BRF:7
BRH:7
end_of_record
TN:
SF:src/utils/food.ts
FN:6,randomPosition
FN:14,isOnSnake
FN:15,(anonymous_2)
FN:19,generateFood
FNF:4
FNH:4
FNDA:232,randomPosition
FNDA:154,isOnSnake
FNDA:407,(anonymous_2)
FNDA:130,generateFood
DA:2,2
DA:6,2
DA:7,232
DA:14,2
DA:15,407
DA:19,2
DA:21,130
DA:22,132
DA:24,130
LF:9
LH:9
BRDA:15,0,0,407
BRDA:15,0,1,30
BRF:2
BRH:2
end_of_record
